<?xml version="1.0" encoding="UTF-8" ?>
<testsuite tests="1" failures="1" name="gson.GSONTest" time="3.281" errors="0" skipped="0">
  <properties>
    <property name="java.runtime.name" value="Java(TM) SE Runtime Environment"/>
    <property name="sun.boot.library.path" value="C:\Program Files (x86)\Java\jdk1.8.0_11\jre\bin"/>
    <property name="java.vm.version" value="25.11-b03"/>
    <property name="user.country.format" value="DK"/>
    <property name="java.vm.vendor" value="Oracle Corporation"/>
    <property name="java.vendor.url" value="http://java.oracle.com/"/>
    <property name="path.separator" value=";"/>
    <property name="guice.disable.misplaced.annotation.check" value="true"/>
    <property name="java.vm.name" value="Java HotSpot(TM) Client VM"/>
    <property name="file.encoding.pkg" value="sun.io"/>
    <property name="user.script" value=""/>
    <property name="user.country" value="US"/>
    <property name="sun.java.launcher" value="SUN_STANDARD"/>
    <property name="sun.os.patch.level" value=""/>
    <property name="test" value="gson.GSONTest"/>
    <property name="java.vm.specification.name" value="Java Virtual Machine Specification"/>
    <property name="user.dir" value="C:\Users\Bogs\Documents\NetBeansProjects\GSONQuickCheck"/>
    <property name="java.runtime.version" value="1.8.0_11-b12"/>
    <property name="java.awt.graphicsenv" value="sun.awt.Win32GraphicsEnvironment"/>
    <property name="java.endorsed.dirs" value="C:\Program Files (x86)\Java\jdk1.8.0_11\jre\lib\endorsed"/>
    <property name="os.arch" value="x86"/>
    <property name="java.io.tmpdir" value="C:\Users\Bogs\AppData\Local\Temp\"/>
    <property name="line.separator" value="
"/>
    <property name="java.vm.specification.vendor" value="Oracle Corporation"/>
    <property name="user.variant" value=""/>
    <property name="os.name" value="Windows 8.1"/>
    <property name="maven.ext.class.path" value="C:\Program Files\NetBeans 8.1\java\maven-nblib\netbeans-eventspy.jar"/>
    <property name="classworlds.conf" value="C:\Program Files\NetBeans 8.1\java\maven\bin\m2.conf"/>
    <property name="sun.jnu.encoding" value="Cp1252"/>
    <property name="java.library.path" value="C:\Program Files (x86)\Java\jdk1.8.0_11\bin;C:\WINDOWS\Sun\Java\bin;C:\WINDOWS\system32;C:\WINDOWS;C:\Program Files (x86)\Common Files\Oracle\Java\javapath;C:\Program Files (x86)\Razer Chroma SDK\bin;C:\Program Files\Razer Chroma SDK\bin;c:\program files (x86)\razer chroma sdk\bin;c:\program files\razer chroma sdk\bin;c:\programdata\oracle\java\javapath;c:\windows\system32;c:\windows;c:\windows\system32\wbem;c:\windows\system32\windowspowershell\v1.0\;c:\users\bogs\.dnx\bin;c:\program files\microsoft dnx\dnvm\;c:\program files\microsoft sql server\120\tools\binn\;c:\program files\microsoft sql server\120\dts\binn\;c:\program files\microsoft sql server\client sdk\odbc\110\tools\binn\;c:\program files (x86)\microsoft sql server\120\tools\binn\;c:\program files (x86)\microsoft sql server\120\tools\binn\managementstudio\;c:\program files (x86)\microsoft sql server\120\dts\binn\;c:\program files (x86)\java\jre7;c:\users\bogs\appdata\local\programs\python\python35-32\scripts\;c:\users\bogs\appdata\local\microsoft\windowsapps;C:\Go\bin;C:\Program Files\Git\cmd;C:\Program Files (x86)\Skype\Phone\;C:\Program Files (x86)\Java\jre7;C:\Users\Bogs\AppData\Local\Programs\Python\Python35-32\Scripts\;C:\Users\Bogs\AppData\Local\Microsoft\WindowsApps;C:\Program Files (x86)\Microsoft VS Code\bin;C:\Program Files (x86)\Calibre2\;C:\WINDOWS\system32;C:\WINDOWS;C:\WINDOWS\System32\Wbem;C:\WINDOWS\System32\WindowsPowerShell\v1.0\;C:\Program Files (x86)\NVIDIA Corporation\PhysX\Common;C:\Program Files (x86)\GitExtensions\;C:\Program Files (x86)\Java\jre1.8.0_25;C:\Users\Bogs\AppData\Local\Programs\Python\Python35-32\Scripts\;C:\Users\Bogs\AppData\Local\Microsoft\WindowsApps;C:\Program Files (x86)\Microsoft VS Code\bin;;."/>
    <property name="java.specification.name" value="Java Platform API Specification"/>
    <property name="java.class.version" value="52.0"/>
    <property name="sun.management.compiler" value="HotSpot Client Compiler"/>
    <property name="os.version" value="6.3"/>
    <property name="user.home" value="C:\Users\Bogs"/>
    <property name="user.timezone" value="Europe/Paris"/>
    <property name="java.awt.printerjob" value="sun.awt.windows.WPrinterJob"/>
    <property name="java.specification.version" value="1.8"/>
    <property name="file.encoding" value="UTF-8"/>
    <property name="user.name" value="Bogs"/>
    <property name="java.class.path" value="C:\Program Files\NetBeans 8.1\java\maven\boot\plexus-classworlds-2.4.jar"/>
    <property name="java.vm.specification.version" value="1.8"/>
    <property name="sun.arch.data.model" value="32"/>
    <property name="java.home" value="C:\Program Files (x86)\Java\jdk1.8.0_11\jre"/>
    <property name="sun.java.command" value="org.codehaus.plexus.classworlds.launcher.Launcher -Dtest=gson.GSONTest -Dmaven.ext.class.path=C:\Program Files\NetBeans 8.1\java\maven-nblib\netbeans-eventspy.jar -Dfile.encoding=UTF-8 surefire:test"/>
    <property name="java.specification.vendor" value="Oracle Corporation"/>
    <property name="user.language" value="en"/>
    <property name="user.language.format" value="da"/>
    <property name="awt.toolkit" value="sun.awt.windows.WToolkit"/>
    <property name="java.vm.info" value="mixed mode"/>
    <property name="java.version" value="1.8.0_11"/>
    <property name="java.ext.dirs" value="C:\Program Files (x86)\Java\jdk1.8.0_11\jre\lib\ext;C:\WINDOWS\Sun\Java\lib\ext"/>
    <property name="sun.boot.class.path" value="C:\Program Files (x86)\Java\jdk1.8.0_11\jre\lib\resources.jar;C:\Program Files (x86)\Java\jdk1.8.0_11\jre\lib\rt.jar;C:\Program Files (x86)\Java\jdk1.8.0_11\jre\lib\sunrsasign.jar;C:\Program Files (x86)\Java\jdk1.8.0_11\jre\lib\jsse.jar;C:\Program Files (x86)\Java\jdk1.8.0_11\jre\lib\jce.jar;C:\Program Files (x86)\Java\jdk1.8.0_11\jre\lib\charsets.jar;C:\Program Files (x86)\Java\jdk1.8.0_11\jre\lib\jfr.jar;C:\Program Files (x86)\Java\jdk1.8.0_11\jre\classes"/>
    <property name="java.vendor" value="Oracle Corporation"/>
    <property name="maven.home" value="C:\Program Files\NetBeans 8.1\java\maven"/>
    <property name="file.separator" value="\"/>
    <property name="java.vendor.url.bug" value="http://bugreport.sun.com/bugreport/"/>
    <property name="sun.cpu.endian" value="little"/>
    <property name="sun.io.unicode.encoding" value="UnicodeLittle"/>
    <property name="sun.desktop" value="windows"/>
    <property name="sun.cpu.isalist" value="pentium_pro+mmx pentium_pro pentium+mmx pentium i486 i386 i86"/>
  </properties>
  <testcase classname="gson.GSONTest" name="testRandomJsonGenerator" time="0.517">
    <failure message="Property named &apos;testRandomJsonGenerator&apos; failed (expected:&lt;...&quot;\u00C8\u00DD\u00CC\[u001C]\&quot;,\&quot;mWznqhmNSsZKAHS...&gt; but was:&lt;...&quot;\u00C8\u00DD\u00CC\[\u001c]\&quot;,\&quot;mWznqhmNSsZKAHS...&gt;):
With arguments: [dk.sdu.mmmi.fppt.generated.mqPLzBWBjRLJxarQw|{&quot;LZdkbdWsHRMpQgvwKCxvsYBFiNZhwwALFpgpnZZEUzrxH&quot;:false,&quot;zlgWbemimriQpKaSXIdZVvDLvHxNOajdJMI&quot;:-1867934312,&quot;wKCFMTdiClxuRojmJqriDIULAv&quot;:false,&quot;qOdrTMlAzQaqpnTAqWeY&quot;:0.9505821093966108,&quot;vpxGsgqCmmifnPLogH&quot;:0.7055169659368706,&quot;aeOtUURrACUdmtfLaFtKX&quot;:&quot;ÈÝÌ&amp;#28;&quot;,&quot;mWznqhmNSsZKAHSAswXUGAdnpghQnPVwclsKypUb&quot;:0.6052401,&quot;rNCgnashDBLfFHexhZQrCRINFDAoKaqJw&quot;:0.2636991875270379,&quot;FgvJaVEUxLzv&quot;:0.9987429997318925,&quot;obxiaGJJAEseMMHuMUZjEPEcRFpWzhydxOQRYrPbhZd&quot;:-961612947}]
Seeds for reproduction: [3690311633869443899]" type="java.lang.AssertionError">java.lang.AssertionError: Property named &apos;testRandomJsonGenerator&apos; failed (expected:&lt;...&quot;\u00C8\u00DD\u00CC\[u001C]\&quot;,\&quot;mWznqhmNSsZKAHS...&gt; but was:&lt;...&quot;\u00C8\u00DD\u00CC\[\u001c]\&quot;,\&quot;mWznqhmNSsZKAHS...&gt;):
With arguments: [dk.sdu.mmmi.fppt.generated.mqPLzBWBjRLJxarQw|{&quot;LZdkbdWsHRMpQgvwKCxvsYBFiNZhwwALFpgpnZZEUzrxH&quot;:false,&quot;zlgWbemimriQpKaSXIdZVvDLvHxNOajdJMI&quot;:-1867934312,&quot;wKCFMTdiClxuRojmJqriDIULAv&quot;:false,&quot;qOdrTMlAzQaqpnTAqWeY&quot;:0.9505821093966108,&quot;vpxGsgqCmmifnPLogH&quot;:0.7055169659368706,&quot;aeOtUURrACUdmtfLaFtKX&quot;:&quot;ÈÝÌ&amp;#28;&quot;,&quot;mWznqhmNSsZKAHSAswXUGAdnpghQnPVwclsKypUb&quot;:0.6052401,&quot;rNCgnashDBLfFHexhZQrCRINFDAoKaqJw&quot;:0.2636991875270379,&quot;FgvJaVEUxLzv&quot;:0.9987429997318925,&quot;obxiaGJJAEseMMHuMUZjEPEcRFpWzhydxOQRYrPbhZd&quot;:-961612947}]
Seeds for reproduction: [3690311633869443899]
	at com.pholser.junit.quickcheck.runner.PropertyFalsified.counterexampleFound(PropertyFalsified.java:46)
	at com.pholser.junit.quickcheck.runner.ShrinkNode.fail(ShrinkNode.java:115)
	at com.pholser.junit.quickcheck.runner.Shrinker.shrink(Shrinker.java:90)
	at com.pholser.junit.quickcheck.runner.PropertyStatement.shrink(PropertyStatement.java:175)
	at com.pholser.junit.quickcheck.runner.PropertyStatement.lambda$property$52(PropertyStatement.java:152)
	at com.pholser.junit.quickcheck.runner.PropertyStatement$$Lambda$48/26800903.accept(Unknown Source)
	at com.pholser.junit.quickcheck.runner.PropertyVerifier$1.evaluate(PropertyVerifier.java:88)
	at com.pholser.junit.quickcheck.runner.PropertyVerifier.verify(PropertyVerifier.java:69)
	at com.pholser.junit.quickcheck.runner.PropertyStatement.evaluate(PropertyStatement.java:112)
	at org.junit.runners.ParentRunner.runLeaf(ParentRunner.java:325)
	at org.junit.runners.BlockJUnit4ClassRunner.runChild(BlockJUnit4ClassRunner.java:78)
	at org.junit.runners.BlockJUnit4ClassRunner.runChild(BlockJUnit4ClassRunner.java:57)
	at org.junit.runners.ParentRunner$3.run(ParentRunner.java:290)
	at org.junit.runners.ParentRunner$1.schedule(ParentRunner.java:71)
	at org.junit.runners.ParentRunner.runChildren(ParentRunner.java:288)
	at org.junit.runners.ParentRunner.access$000(ParentRunner.java:58)
	at org.junit.runners.ParentRunner$2.evaluate(ParentRunner.java:268)
	at org.junit.runners.ParentRunner.run(ParentRunner.java:363)
	at org.apache.maven.surefire.junit4.JUnit4TestSet.execute(JUnit4TestSet.java:53)
	at org.apache.maven.surefire.junit4.JUnit4Provider.executeTestSet(JUnit4Provider.java:123)
	at org.apache.maven.surefire.junit4.JUnit4Provider.invoke(JUnit4Provider.java:104)
	at sun.reflect.NativeMethodAccessorImpl.invoke0(Native Method)
	at sun.reflect.NativeMethodAccessorImpl.invoke(NativeMethodAccessorImpl.java:62)
	at sun.reflect.DelegatingMethodAccessorImpl.invoke(DelegatingMethodAccessorImpl.java:43)
	at java.lang.reflect.Method.invoke(Method.java:483)
	at org.apache.maven.surefire.util.ReflectionUtils.invokeMethodWithArray(ReflectionUtils.java:164)
	at org.apache.maven.surefire.booter.ProviderFactory$ProviderProxy.invoke(ProviderFactory.java:110)
	at org.apache.maven.surefire.booter.SurefireStarter.invokeProvider(SurefireStarter.java:175)
	at org.apache.maven.surefire.booter.SurefireStarter.runSuitesInProcessWhenForked(SurefireStarter.java:107)
	at org.apache.maven.surefire.booter.ForkedBooter.main(ForkedBooter.java:68)
Caused by: org.junit.ComparisonFailure: expected:&lt;...&quot;\u00C8\u00DD\u00CC\[u001C]\&quot;,\&quot;mWznqhmNSsZKAHS...&gt; but was:&lt;...&quot;\u00C8\u00DD\u00CC\[\u001c]\&quot;,\&quot;mWznqhmNSsZKAHS...&gt;
	at org.junit.Assert.assertEquals(Assert.java:115)
	at org.junit.Assert.assertEquals(Assert.java:144)
	at gson.GSONTest.testRandomJsonGenerator(GSONTest.java:172)
	at sun.reflect.NativeMethodAccessorImpl.invoke0(Native Method)
	at sun.reflect.NativeMethodAccessorImpl.invoke(NativeMethodAccessorImpl.java:62)
	at sun.reflect.DelegatingMethodAccessorImpl.invoke(DelegatingMethodAccessorImpl.java:43)
	at java.lang.reflect.Method.invoke(Method.java:483)
	at org.junit.runners.model.FrameworkMethod$1.runReflectiveCall(FrameworkMethod.java:50)
	at org.junit.internal.runners.model.ReflectiveCallable.run(ReflectiveCallable.java:12)
	at org.junit.runners.model.FrameworkMethod.invokeExplosively(FrameworkMethod.java:47)
	at com.pholser.junit.quickcheck.runner.PropertyVerifier$2.evaluate(PropertyVerifier.java:106)
	at com.pholser.junit.quickcheck.runner.PropertyVerifier$1.evaluate(PropertyVerifier.java:77)
	... 23 more
</failure>
    <system-out>package dk.sdu.mmmi.fppt.generated;
public class cgALuzNNyxdHtgEH {
private String PUbbEDNenuntxMArsyKfWcELrYpyJBXMSLhSWuqs;
private int gfPffHyXGpyI;
private int VgvnXQGQwoZVJvSmJBeXiwKPeAoLDlNTRsXjTwvvDOdhdjCG;
private String CcmizwLzJcPvvyGmgH;
private boolean BLpUDawBcuUKf;
private float esYhLcdWkrLBloxEXbQAFRXIzl;
private String TaAutlsDFOMFCalQGHx;
private float BHUxbflNGQNYYbsZOPLUiMniPxgjeAHekwFhhAdTff;
private String oaViMyPkmLk;
private boolean VYYTNckKMadiPToYbNtYajyKMgelvXH;
@Override
public String toString() {
return &quot;PUbbEDNenuntxMArsyKfWcELrYpyJBXMSLhSWuqs:&quot;+PUbbEDNenuntxMArsyKfWcELrYpyJBXMSLhSWuqs+&quot;\n&quot;+&quot;gfPffHyXGpyI:&quot;+gfPffHyXGpyI+&quot;\n&quot;+&quot;VgvnXQGQwoZVJvSmJBeXiwKPeAoLDlNTRsXjTwvvDOdhdjCG:&quot;+VgvnXQGQwoZVJvSmJBeXiwKPeAoLDlNTRsXjTwvvDOdhdjCG+&quot;\n&quot;+&quot;CcmizwLzJcPvvyGmgH:&quot;+CcmizwLzJcPvvyGmgH+&quot;\n&quot;+&quot;BLpUDawBcuUKf:&quot;+BLpUDawBcuUKf+&quot;\n&quot;+&quot;esYhLcdWkrLBloxEXbQAFRXIzl:&quot;+esYhLcdWkrLBloxEXbQAFRXIzl+&quot;\n&quot;+&quot;TaAutlsDFOMFCalQGHx:&quot;+TaAutlsDFOMFCalQGHx+&quot;\n&quot;+&quot;BHUxbflNGQNYYbsZOPLUiMniPxgjeAHekwFhhAdTff:&quot;+BHUxbflNGQNYYbsZOPLUiMniPxgjeAHekwFhhAdTff+&quot;\n&quot;+&quot;oaViMyPkmLk:&quot;+oaViMyPkmLk+&quot;\n&quot;+&quot;VYYTNckKMadiPToYbNtYajyKMgelvXH:&quot;+VYYTNckKMadiPToYbNtYajyKMgelvXH+&quot;\n&quot;;
}
}

package dk.sdu.mmmi.fppt.generated;
public class cgALuzNNyxdHtgEH {
private String PUbbEDNenuntxMArsyKfWcELrYpyJBXMSLhSWuqs;
private int gfPffHyXGpyI;
private int VgvnXQGQwoZVJvSmJBeXiwKPeAoLDlNTRsXjTwvvDOdhdjCG;
private String CcmizwLzJcPvvyGmgH;
private boolean BLpUDawBcuUKf;
private float esYhLcdWkrLBloxEXbQAFRXIzl;
private String TaAutlsDFOMFCalQGHx;
private float BHUxbflNGQNYYbsZOPLUiMniPxgjeAHekwFhhAdTff;
private String oaViMyPkmLk;
private boolean VYYTNckKMadiPToYbNtYajyKMgelvXH;
@Override
public String toString() {
return &quot;PUbbEDNenuntxMArsyKfWcELrYpyJBXMSLhSWuqs:&quot;+PUbbEDNenuntxMArsyKfWcELrYpyJBXMSLhSWuqs+&quot;\n&quot;+&quot;gfPffHyXGpyI:&quot;+gfPffHyXGpyI+&quot;\n&quot;+&quot;VgvnXQGQwoZVJvSmJBeXiwKPeAoLDlNTRsXjTwvvDOdhdjCG:&quot;+VgvnXQGQwoZVJvSmJBeXiwKPeAoLDlNTRsXjTwvvDOdhdjCG+&quot;\n&quot;+&quot;CcmizwLzJcPvvyGmgH:&quot;+CcmizwLzJcPvvyGmgH+&quot;\n&quot;+&quot;BLpUDawBcuUKf:&quot;+BLpUDawBcuUKf+&quot;\n&quot;+&quot;esYhLcdWkrLBloxEXbQAFRXIzl:&quot;+esYhLcdWkrLBloxEXbQAFRXIzl+&quot;\n&quot;+&quot;TaAutlsDFOMFCalQGHx:&quot;+TaAutlsDFOMFCalQGHx+&quot;\n&quot;+&quot;BHUxbflNGQNYYbsZOPLUiMniPxgjeAHekwFhhAdTff:&quot;+BHUxbflNGQNYYbsZOPLUiMniPxgjeAHekwFhhAdTff+&quot;\n&quot;+&quot;oaViMyPkmLk:&quot;+oaViMyPkmLk+&quot;\n&quot;+&quot;VYYTNckKMadiPToYbNtYajyKMgelvXH:&quot;+VYYTNckKMadiPToYbNtYajyKMgelvXH+&quot;\n&quot;;
}
}

03:45:12.628 [main] DEBUG junit-quickcheck.value-reporting - Verifying property testRandomJsonGenerator from gson.GSONTest with these values:
03:45:12.630 [main] DEBUG junit-quickcheck.value-reporting - [gson.GSONTest.testRandomJsonGenerator:arg0 = [dk.sdu.mmmi.fppt.generated.cgALuzNNyxdHtgEH|{&quot;PUbbEDNenuntxMArsyKfWcELrYpyJBXMSLhSWuqs&quot;:&quot;&quot;,&quot;gfPffHyXGpyI&quot;:1685257894,&quot;VgvnXQGQwoZVJvSmJBeXiwKPeAoLDlNTRsXjTwvvDOdhdjCG&quot;:-1977177507,&quot;CcmizwLzJcPvvyGmgH&quot;:&quot;&quot;,&quot;BLpUDawBcuUKf&quot;:false,&quot;esYhLcdWkrLBloxEXbQAFRXIzl&quot;:0.57607687,&quot;TaAutlsDFOMFCalQGHx&quot;:&quot;&quot;,&quot;BHUxbflNGQNYYbsZOPLUiMniPxgjeAHekwFhhAdTff&quot;:0.9801497,&quot;oaViMyPkmLk&quot;:&quot;&quot;,&quot;VYYTNckKMadiPToYbNtYajyKMgelvXH&quot;:true}], seed = 3690311633869443899]
package dk.sdu.mmmi.fppt.generated;
public class FESZSPUwJIPfblrLCpsKIRyFUKaZ {
private double erCKRdbAAAQyoQuuMWOEUzallDdMqICCQhMQOHIPILHgsh;
private int wlDzmSCxaTrxxgKJvSriAcvIaHnnRNroapaWMjgxfKFqYghdKP;
private boolean pwKpnxSKvdCtqVsEwaSJqCMiLGsTABZFxcmvCAlo;
private String ivsfmrjgUhrbiqlZxHih;
private String IiyUejXDWNqwqNnBWARKntCFclC;
@Override
public String toString() {
return &quot;erCKRdbAAAQyoQuuMWOEUzallDdMqICCQhMQOHIPILHgsh:&quot;+erCKRdbAAAQyoQuuMWOEUzallDdMqICCQhMQOHIPILHgsh+&quot;\n&quot;+&quot;wlDzmSCxaTrxxgKJvSriAcvIaHnnRNroapaWMjgxfKFqYghdKP:&quot;+wlDzmSCxaTrxxgKJvSriAcvIaHnnRNroapaWMjgxfKFqYghdKP+&quot;\n&quot;+&quot;pwKpnxSKvdCtqVsEwaSJqCMiLGsTABZFxcmvCAlo:&quot;+pwKpnxSKvdCtqVsEwaSJqCMiLGsTABZFxcmvCAlo+&quot;\n&quot;+&quot;ivsfmrjgUhrbiqlZxHih:&quot;+ivsfmrjgUhrbiqlZxHih+&quot;\n&quot;+&quot;IiyUejXDWNqwqNnBWARKntCFclC:&quot;+IiyUejXDWNqwqNnBWARKntCFclC+&quot;\n&quot;;
}
}

package dk.sdu.mmmi.fppt.generated;
public class FESZSPUwJIPfblrLCpsKIRyFUKaZ {
private double erCKRdbAAAQyoQuuMWOEUzallDdMqICCQhMQOHIPILHgsh;
private int wlDzmSCxaTrxxgKJvSriAcvIaHnnRNroapaWMjgxfKFqYghdKP;
private boolean pwKpnxSKvdCtqVsEwaSJqCMiLGsTABZFxcmvCAlo;
private String ivsfmrjgUhrbiqlZxHih;
private String IiyUejXDWNqwqNnBWARKntCFclC;
@Override
public String toString() {
return &quot;erCKRdbAAAQyoQuuMWOEUzallDdMqICCQhMQOHIPILHgsh:&quot;+erCKRdbAAAQyoQuuMWOEUzallDdMqICCQhMQOHIPILHgsh+&quot;\n&quot;+&quot;wlDzmSCxaTrxxgKJvSriAcvIaHnnRNroapaWMjgxfKFqYghdKP:&quot;+wlDzmSCxaTrxxgKJvSriAcvIaHnnRNroapaWMjgxfKFqYghdKP+&quot;\n&quot;+&quot;pwKpnxSKvdCtqVsEwaSJqCMiLGsTABZFxcmvCAlo:&quot;+pwKpnxSKvdCtqVsEwaSJqCMiLGsTABZFxcmvCAlo+&quot;\n&quot;+&quot;ivsfmrjgUhrbiqlZxHih:&quot;+ivsfmrjgUhrbiqlZxHih+&quot;\n&quot;+&quot;IiyUejXDWNqwqNnBWARKntCFclC:&quot;+IiyUejXDWNqwqNnBWARKntCFclC+&quot;\n&quot;;
}
}

03:45:12.714 [main] DEBUG junit-quickcheck.value-reporting - Verifying property testRandomJsonGenerator from gson.GSONTest with these values:
03:45:12.715 [main] DEBUG junit-quickcheck.value-reporting - [gson.GSONTest.testRandomJsonGenerator:arg0 = [dk.sdu.mmmi.fppt.generated.FESZSPUwJIPfblrLCpsKIRyFUKaZ|{&quot;erCKRdbAAAQyoQuuMWOEUzallDdMqICCQhMQOHIPILHgsh&quot;:0.689488829678055,&quot;wlDzmSCxaTrxxgKJvSriAcvIaHnnRNroapaWMjgxfKFqYghdKP&quot;:-2124160521,&quot;pwKpnxSKvdCtqVsEwaSJqCMiLGsTABZFxcmvCAlo&quot;:false,&quot;ivsfmrjgUhrbiqlZxHih&quot;:&quot;???&quot;,&quot;IiyUejXDWNqwqNnBWARKntCFclC&quot;:&quot;¦&quot;}], seed = 3690311633869443899]
package dk.sdu.mmmi.fppt.generated;
public class mqPLzBWBjRLJxarQw {
private boolean LZdkbdWsHRMpQgvwKCxvsYBFiNZhwwALFpgpnZZEUzrxH;
private int zlgWbemimriQpKaSXIdZVvDLvHxNOajdJMI;
private boolean wKCFMTdiClxuRojmJqriDIULAv;
private double qOdrTMlAzQaqpnTAqWeY;
private double vpxGsgqCmmifnPLogH;
private String aeOtUURrACUdmtfLaFtKX;
private float mWznqhmNSsZKAHSAswXUGAdnpghQnPVwclsKypUb;
private double rNCgnashDBLfFHexhZQrCRINFDAoKaqJw;
private double FgvJaVEUxLzv;
private int obxiaGJJAEseMMHuMUZjEPEcRFpWzhydxOQRYrPbhZd;
@Override
public String toString() {
return &quot;LZdkbdWsHRMpQgvwKCxvsYBFiNZhwwALFpgpnZZEUzrxH:&quot;+LZdkbdWsHRMpQgvwKCxvsYBFiNZhwwALFpgpnZZEUzrxH+&quot;\n&quot;+&quot;zlgWbemimriQpKaSXIdZVvDLvHxNOajdJMI:&quot;+zlgWbemimriQpKaSXIdZVvDLvHxNOajdJMI+&quot;\n&quot;+&quot;wKCFMTdiClxuRojmJqriDIULAv:&quot;+wKCFMTdiClxuRojmJqriDIULAv+&quot;\n&quot;+&quot;qOdrTMlAzQaqpnTAqWeY:&quot;+qOdrTMlAzQaqpnTAqWeY+&quot;\n&quot;+&quot;vpxGsgqCmmifnPLogH:&quot;+vpxGsgqCmmifnPLogH+&quot;\n&quot;+&quot;aeOtUURrACUdmtfLaFtKX:&quot;+aeOtUURrACUdmtfLaFtKX+&quot;\n&quot;+&quot;mWznqhmNSsZKAHSAswXUGAdnpghQnPVwclsKypUb:&quot;+mWznqhmNSsZKAHSAswXUGAdnpghQnPVwclsKypUb+&quot;\n&quot;+&quot;rNCgnashDBLfFHexhZQrCRINFDAoKaqJw:&quot;+rNCgnashDBLfFHexhZQrCRINFDAoKaqJw+&quot;\n&quot;+&quot;FgvJaVEUxLzv:&quot;+FgvJaVEUxLzv+&quot;\n&quot;+&quot;obxiaGJJAEseMMHuMUZjEPEcRFpWzhydxOQRYrPbhZd:&quot;+obxiaGJJAEseMMHuMUZjEPEcRFpWzhydxOQRYrPbhZd+&quot;\n&quot;;
}
}

package dk.sdu.mmmi.fppt.generated;
public class mqPLzBWBjRLJxarQw {
private boolean LZdkbdWsHRMpQgvwKCxvsYBFiNZhwwALFpgpnZZEUzrxH;
private int zlgWbemimriQpKaSXIdZVvDLvHxNOajdJMI;
private boolean wKCFMTdiClxuRojmJqriDIULAv;
private double qOdrTMlAzQaqpnTAqWeY;
private double vpxGsgqCmmifnPLogH;
private String aeOtUURrACUdmtfLaFtKX;
private float mWznqhmNSsZKAHSAswXUGAdnpghQnPVwclsKypUb;
private double rNCgnashDBLfFHexhZQrCRINFDAoKaqJw;
private double FgvJaVEUxLzv;
private int obxiaGJJAEseMMHuMUZjEPEcRFpWzhydxOQRYrPbhZd;
@Override
public String toString() {
return &quot;LZdkbdWsHRMpQgvwKCxvsYBFiNZhwwALFpgpnZZEUzrxH:&quot;+LZdkbdWsHRMpQgvwKCxvsYBFiNZhwwALFpgpnZZEUzrxH+&quot;\n&quot;+&quot;zlgWbemimriQpKaSXIdZVvDLvHxNOajdJMI:&quot;+zlgWbemimriQpKaSXIdZVvDLvHxNOajdJMI+&quot;\n&quot;+&quot;wKCFMTdiClxuRojmJqriDIULAv:&quot;+wKCFMTdiClxuRojmJqriDIULAv+&quot;\n&quot;+&quot;qOdrTMlAzQaqpnTAqWeY:&quot;+qOdrTMlAzQaqpnTAqWeY+&quot;\n&quot;+&quot;vpxGsgqCmmifnPLogH:&quot;+vpxGsgqCmmifnPLogH+&quot;\n&quot;+&quot;aeOtUURrACUdmtfLaFtKX:&quot;+aeOtUURrACUdmtfLaFtKX+&quot;\n&quot;+&quot;mWznqhmNSsZKAHSAswXUGAdnpghQnPVwclsKypUb:&quot;+mWznqhmNSsZKAHSAswXUGAdnpghQnPVwclsKypUb+&quot;\n&quot;+&quot;rNCgnashDBLfFHexhZQrCRINFDAoKaqJw:&quot;+rNCgnashDBLfFHexhZQrCRINFDAoKaqJw+&quot;\n&quot;+&quot;FgvJaVEUxLzv:&quot;+FgvJaVEUxLzv+&quot;\n&quot;+&quot;obxiaGJJAEseMMHuMUZjEPEcRFpWzhydxOQRYrPbhZd:&quot;+obxiaGJJAEseMMHuMUZjEPEcRFpWzhydxOQRYrPbhZd+&quot;\n&quot;;
}
}

03:45:12.760 [main] DEBUG junit-quickcheck.value-reporting - Verifying property testRandomJsonGenerator from gson.GSONTest with these values:
03:45:12.760 [main] DEBUG junit-quickcheck.value-reporting - [gson.GSONTest.testRandomJsonGenerator:arg0 = [dk.sdu.mmmi.fppt.generated.mqPLzBWBjRLJxarQw|{&quot;LZdkbdWsHRMpQgvwKCxvsYBFiNZhwwALFpgpnZZEUzrxH&quot;:false,&quot;zlgWbemimriQpKaSXIdZVvDLvHxNOajdJMI&quot;:-1867934312,&quot;wKCFMTdiClxuRojmJqriDIULAv&quot;:false,&quot;qOdrTMlAzQaqpnTAqWeY&quot;:0.9505821093966108,&quot;vpxGsgqCmmifnPLogH&quot;:0.7055169659368706,&quot;aeOtUURrACUdmtfLaFtKX&quot;:&quot;ÈÝÌ&amp;#28;&quot;,&quot;mWznqhmNSsZKAHSAswXUGAdnpghQnPVwclsKypUb&quot;:0.6052401,&quot;rNCgnashDBLfFHexhZQrCRINFDAoKaqJw&quot;:0.2636991875270379,&quot;FgvJaVEUxLzv&quot;:0.9987429997318925,&quot;obxiaGJJAEseMMHuMUZjEPEcRFpWzhydxOQRYrPbhZd&quot;:-961612947}], seed = 3690311633869443899]
</system-out>
  </testcase>
</testsuite>