<?xml version="1.0" encoding="UTF-8" ?>
<testsuite tests="20" failures="1" name="gson.GSONTest" time="7.489" errors="0" skipped="0">
  <properties>
    <property name="java.runtime.name" value="Java(TM) SE Runtime Environment"/>
    <property name="sun.boot.library.path" value="C:\Program Files (x86)\Java\jdk1.8.0_11\jre\bin"/>
    <property name="java.vm.version" value="25.11-b03"/>
    <property name="user.country.format" value="DK"/>
    <property name="java.vm.vendor" value="Oracle Corporation"/>
    <property name="java.vendor.url" value="http://java.oracle.com/"/>
    <property name="path.separator" value=";"/>
    <property name="guice.disable.misplaced.annotation.check" value="true"/>
    <property name="java.vm.name" value="Java HotSpot(TM) Client VM"/>
    <property name="file.encoding.pkg" value="sun.io"/>
    <property name="user.script" value=""/>
    <property name="user.country" value="US"/>
    <property name="sun.java.launcher" value="SUN_STANDARD"/>
    <property name="sun.os.patch.level" value=""/>
    <property name="test" value="gson.GSONTest"/>
    <property name="java.vm.specification.name" value="Java Virtual Machine Specification"/>
    <property name="user.dir" value="C:\Users\Bogs\Documents\NetBeansProjects\GSONQuickCheck"/>
    <property name="java.runtime.version" value="1.8.0_11-b12"/>
    <property name="java.awt.graphicsenv" value="sun.awt.Win32GraphicsEnvironment"/>
    <property name="java.endorsed.dirs" value="C:\Program Files (x86)\Java\jdk1.8.0_11\jre\lib\endorsed"/>
    <property name="os.arch" value="x86"/>
    <property name="java.io.tmpdir" value="C:\Users\Bogs\AppData\Local\Temp\"/>
    <property name="line.separator" value="
"/>
    <property name="java.vm.specification.vendor" value="Oracle Corporation"/>
    <property name="user.variant" value=""/>
    <property name="os.name" value="Windows 8.1"/>
    <property name="maven.ext.class.path" value="C:\Program Files\NetBeans 8.1\java\maven-nblib\netbeans-eventspy.jar"/>
    <property name="classworlds.conf" value="C:\Program Files\NetBeans 8.1\java\maven\bin\m2.conf"/>
    <property name="sun.jnu.encoding" value="Cp1252"/>
    <property name="java.library.path" value="C:\Program Files (x86)\Java\jdk1.8.0_11\bin;C:\WINDOWS\Sun\Java\bin;C:\WINDOWS\system32;C:\WINDOWS;C:\Program Files (x86)\Common Files\Oracle\Java\javapath;C:\Program Files (x86)\Razer Chroma SDK\bin;C:\Program Files\Razer Chroma SDK\bin;c:\program files (x86)\razer chroma sdk\bin;c:\program files\razer chroma sdk\bin;c:\programdata\oracle\java\javapath;c:\windows\system32;c:\windows;c:\windows\system32\wbem;c:\windows\system32\windowspowershell\v1.0\;c:\users\bogs\.dnx\bin;c:\program files\microsoft dnx\dnvm\;c:\program files\microsoft sql server\120\tools\binn\;c:\program files\microsoft sql server\120\dts\binn\;c:\program files\microsoft sql server\client sdk\odbc\110\tools\binn\;c:\program files (x86)\microsoft sql server\120\tools\binn\;c:\program files (x86)\microsoft sql server\120\tools\binn\managementstudio\;c:\program files (x86)\microsoft sql server\120\dts\binn\;c:\program files (x86)\java\jre7;c:\users\bogs\appdata\local\programs\python\python35-32\scripts\;c:\users\bogs\appdata\local\microsoft\windowsapps;C:\Go\bin;C:\Program Files\Git\cmd;C:\Program Files (x86)\Skype\Phone\;C:\Program Files (x86)\Java\jre7;C:\Users\Bogs\AppData\Local\Programs\Python\Python35-32\Scripts\;C:\Users\Bogs\AppData\Local\Microsoft\WindowsApps;C:\Program Files (x86)\Microsoft VS Code\bin;C:\Program Files (x86)\Calibre2\;C:\WINDOWS\system32;C:\WINDOWS;C:\WINDOWS\System32\Wbem;C:\WINDOWS\System32\WindowsPowerShell\v1.0\;C:\Program Files (x86)\NVIDIA Corporation\PhysX\Common;C:\Program Files (x86)\GitExtensions\;C:\WINDOWS\System32\OpenSSH\;C:\Program Files (x86)\Java\jre1.8.0_25;C:\Users\Bogs\AppData\Local\Programs\Python\Python35-32\Scripts\;C:\Users\Bogs\AppData\Local\Microsoft\WindowsApps;C:\Program Files (x86)\Microsoft VS Code\bin;;."/>
    <property name="java.specification.name" value="Java Platform API Specification"/>
    <property name="java.class.version" value="52.0"/>
    <property name="sun.management.compiler" value="HotSpot Client Compiler"/>
    <property name="os.version" value="6.3"/>
    <property name="user.home" value="C:\Users\Bogs"/>
    <property name="user.timezone" value="Europe/Paris"/>
    <property name="java.awt.printerjob" value="sun.awt.windows.WPrinterJob"/>
    <property name="java.specification.version" value="1.8"/>
    <property name="file.encoding" value="UTF-8"/>
    <property name="user.name" value="Bogs"/>
    <property name="java.class.path" value="C:\Program Files\NetBeans 8.1\java\maven\boot\plexus-classworlds-2.4.jar"/>
    <property name="java.vm.specification.version" value="1.8"/>
    <property name="sun.arch.data.model" value="32"/>
    <property name="java.home" value="C:\Program Files (x86)\Java\jdk1.8.0_11\jre"/>
    <property name="sun.java.command" value="org.codehaus.plexus.classworlds.launcher.Launcher -Dtest=gson.GSONTest -Dmaven.ext.class.path=C:\Program Files\NetBeans 8.1\java\maven-nblib\netbeans-eventspy.jar -Dfile.encoding=UTF-8 surefire:test"/>
    <property name="java.specification.vendor" value="Oracle Corporation"/>
    <property name="user.language" value="en"/>
    <property name="user.language.format" value="da"/>
    <property name="awt.toolkit" value="sun.awt.windows.WToolkit"/>
    <property name="java.vm.info" value="mixed mode"/>
    <property name="java.version" value="1.8.0_11"/>
    <property name="java.ext.dirs" value="C:\Program Files (x86)\Java\jdk1.8.0_11\jre\lib\ext;C:\WINDOWS\Sun\Java\lib\ext"/>
    <property name="sun.boot.class.path" value="C:\Program Files (x86)\Java\jdk1.8.0_11\jre\lib\resources.jar;C:\Program Files (x86)\Java\jdk1.8.0_11\jre\lib\rt.jar;C:\Program Files (x86)\Java\jdk1.8.0_11\jre\lib\sunrsasign.jar;C:\Program Files (x86)\Java\jdk1.8.0_11\jre\lib\jsse.jar;C:\Program Files (x86)\Java\jdk1.8.0_11\jre\lib\jce.jar;C:\Program Files (x86)\Java\jdk1.8.0_11\jre\lib\charsets.jar;C:\Program Files (x86)\Java\jdk1.8.0_11\jre\lib\jfr.jar;C:\Program Files (x86)\Java\jdk1.8.0_11\jre\classes"/>
    <property name="java.vendor" value="Oracle Corporation"/>
    <property name="maven.home" value="C:\Program Files\NetBeans 8.1\java\maven"/>
    <property name="file.separator" value="\"/>
    <property name="java.vendor.url.bug" value="http://bugreport.sun.com/bugreport/"/>
    <property name="sun.cpu.endian" value="little"/>
    <property name="sun.io.unicode.encoding" value="UnicodeLittle"/>
    <property name="sun.desktop" value="windows"/>
    <property name="sun.cpu.isalist" value="pentium_pro+mmx pentium_pro pentium+mmx pentium i486 i386 i86"/>
  </properties>
  <testcase classname="gson.GSONTest" name="hexFields" time="0.2"/>
  <testcase classname="gson.GSONTest" name="testJsonToPrimitiveInt" time="0.023"/>
  <testcase classname="gson.GSONTest" name="nullNull" time="0.019"/>
  <testcase classname="gson.GSONTest" name="testTestObjectGenerator" time="0.059"/>
  <testcase classname="gson.GSONTest" name="floatingPoint" time="0.26"/>
  <testcase classname="gson.GSONTest" name="testPrimitiveIntToJSON" time="0.02"/>
  <testcase classname="gson.GSONTest" name="testJsonToPrimitiveDouble" time="0.028"/>
  <testcase classname="gson.GSONTest" name="testObjectToJsonToObject" time="0.042"/>
  <testcase classname="gson.GSONTest" name="testNullSerialization" time="0.012"/>
  <testcase classname="gson.GSONTest" name="nullFieldsInJson" time="0.006">
    <failure message="Unexpected error in property nullFieldsInJson with args [TestObject{text=&apos;&apos;, number=623563621, texts=[x\rqd2\u00D6\u201E\u0018., \u00B9:, \uC01B\u980D\u4152\uCC67\u0011, \u2002\uA1D8\uC804, d\u20ACY\u00D7\u0160, \u00E4\u00C9\u201E\u00D3~\u00E2, \u1894\u7AC0\uB6CE\u3CB0\uC1AE\uC3A3, \u1911\u0FD8\uC55E\u13E0\u4EB4\u1C77\u2CE6\u98E3\u9D0D\uB48C\u597C\u3E95\u3132\u93E3\u3BDA\u7600\u89E6\u94A0\u0FF5\u1D15\u2D26, O\u00FB], bool=true}] and seeds [-4025102308303647343]" type="java.lang.AssertionError">java.lang.AssertionError: Unexpected error in property nullFieldsInJson with args [TestObject{text=&apos;&apos;, number=623563621, texts=[x\rqd2\u00D6\u201E\u0018., \u00B9:, \uC01B\u980D\u4152\uCC67\u0011, \u2002\uA1D8\uC804, d\u20ACY\u00D7\u0160, \u00E4\u00C9\u201E\u00D3~\u00E2, \u1894\u7AC0\uB6CE\u3CB0\uC1AE\uC3A3, \u1911\u0FD8\uC55E\u13E0\u4EB4\u1C77\u2CE6\u98E3\u9D0D\uB48C\u597C\u3E95\u3132\u93E3\u3BDA\u7600\u89E6\u94A0\u0FF5\u1D15\u2D26, O\u00FB], bool=true}] and seeds [-4025102308303647343]
	at com.pholser.junit.quickcheck.runner.PropertyVerifier.reportErrorWithArguments(PropertyVerifier.java:113)
	at com.pholser.junit.quickcheck.runner.PropertyVerifier.access$300(PropertyVerifier.java:40)
	at com.pholser.junit.quickcheck.runner.PropertyVerifier$1.evaluate(PropertyVerifier.java:90)
	at com.pholser.junit.quickcheck.runner.PropertyVerifier.verify(PropertyVerifier.java:69)
	at com.pholser.junit.quickcheck.runner.PropertyStatement.evaluate(PropertyStatement.java:112)
	at org.junit.runners.ParentRunner.runLeaf(ParentRunner.java:325)
	at org.junit.runners.BlockJUnit4ClassRunner.runChild(BlockJUnit4ClassRunner.java:78)
	at org.junit.runners.BlockJUnit4ClassRunner.runChild(BlockJUnit4ClassRunner.java:57)
	at org.junit.runners.ParentRunner$3.run(ParentRunner.java:290)
	at org.junit.runners.ParentRunner$1.schedule(ParentRunner.java:71)
	at org.junit.runners.ParentRunner.runChildren(ParentRunner.java:288)
	at org.junit.runners.ParentRunner.access$000(ParentRunner.java:58)
	at org.junit.runners.ParentRunner$2.evaluate(ParentRunner.java:268)
	at org.junit.internal.runners.statements.RunAfters.evaluate(RunAfters.java:27)
	at org.junit.runners.ParentRunner.run(ParentRunner.java:363)
	at org.apache.maven.surefire.junit4.JUnit4TestSet.execute(JUnit4TestSet.java:53)
	at org.apache.maven.surefire.junit4.JUnit4Provider.executeTestSet(JUnit4Provider.java:123)
	at org.apache.maven.surefire.junit4.JUnit4Provider.invoke(JUnit4Provider.java:104)
	at sun.reflect.NativeMethodAccessorImpl.invoke0(Native Method)
	at sun.reflect.NativeMethodAccessorImpl.invoke(NativeMethodAccessorImpl.java:62)
	at sun.reflect.DelegatingMethodAccessorImpl.invoke(DelegatingMethodAccessorImpl.java:43)
	at java.lang.reflect.Method.invoke(Method.java:483)
	at org.apache.maven.surefire.util.ReflectionUtils.invokeMethodWithArray(ReflectionUtils.java:164)
	at org.apache.maven.surefire.booter.ProviderFactory$ProviderProxy.invoke(ProviderFactory.java:110)
	at org.apache.maven.surefire.booter.SurefireStarter.invokeProvider(SurefireStarter.java:175)
	at org.apache.maven.surefire.booter.SurefireStarter.runSuitesInProcessWhenForked(SurefireStarter.java:107)
	at org.apache.maven.surefire.booter.ForkedBooter.main(ForkedBooter.java:68)
Caused by: com.google.gson.JsonSyntaxException: com.google.gson.stream.MalformedJsonException: Unterminated array at line 1 column 83 path $.texts[2]
	at com.google.gson.Gson.fromJson(Gson.java:937)
	at com.google.gson.Gson.fromJson(Gson.java:887)
	at com.google.gson.Gson.fromJson(Gson.java:836)
	at com.google.gson.Gson.fromJson(Gson.java:808)
	at gson.GSONTest.nullFieldsInJson(GSONTest.java:178)
	at sun.reflect.NativeMethodAccessorImpl.invoke0(Native Method)
	at sun.reflect.NativeMethodAccessorImpl.invoke(NativeMethodAccessorImpl.java:62)
	at sun.reflect.DelegatingMethodAccessorImpl.invoke(DelegatingMethodAccessorImpl.java:43)
	at java.lang.reflect.Method.invoke(Method.java:483)
	at org.junit.runners.model.FrameworkMethod$1.runReflectiveCall(FrameworkMethod.java:50)
	at org.junit.internal.runners.model.ReflectiveCallable.run(ReflectiveCallable.java:12)
	at org.junit.runners.model.FrameworkMethod.invokeExplosively(FrameworkMethod.java:47)
	at com.pholser.junit.quickcheck.runner.PropertyVerifier$2.evaluate(PropertyVerifier.java:106)
	at com.pholser.junit.quickcheck.runner.PropertyVerifier$1.evaluate(PropertyVerifier.java:77)
	... 24 more
Caused by: com.google.gson.stream.MalformedJsonException: Unterminated array at line 1 column 83 path $.texts[2]
	at com.google.gson.stream.JsonReader.syntaxError(JsonReader.java:1568)
	at com.google.gson.stream.JsonReader.doPeek(JsonReader.java:476)
	at com.google.gson.stream.JsonReader.hasNext(JsonReader.java:414)
	at com.google.gson.internal.bind.ArrayTypeAdapter.read(ArrayTypeAdapter.java:71)
	at com.google.gson.internal.bind.ReflectiveTypeAdapterFactory$1.read(ReflectiveTypeAdapterFactory.java:131)
	at com.google.gson.internal.bind.ReflectiveTypeAdapterFactory$Adapter.read(ReflectiveTypeAdapterFactory.java:222)
	at com.google.gson.Gson.fromJson(Gson.java:922)
	... 37 more
</failure>
    <system-out>22:09:00.692 [main] DEBUG junit-quickcheck.value-reporting - Verifying property nullFieldsInJson from gson.GSONTest with these values:
22:09:00.692 [main] DEBUG junit-quickcheck.value-reporting - [gson.GSONTest.nullFieldsInJson:arg0 = [TestObject{text=&apos;&apos;, number=-2025638881, texts=[, , ], bool=false}], seed = -4025102308303647343]
22:09:00.692 [main] DEBUG junit-quickcheck.value-reporting - Verifying property nullFieldsInJson from gson.GSONTest with these values:
22:09:00.692 [main] DEBUG junit-quickcheck.value-reporting - [gson.GSONTest.nullFieldsInJson:arg0 = [TestObject{text=&apos;\u001A\u00A5&apos;, number=910973686, texts=[\u00CC, \u6E23\u4BA8\u7648\u25DE, \u68CD\u3F65\u6F1B\uC0CF, \u947A\u2431\uD4B2\u6A69\uA571\u2E48, \u25F4, \uC00A\u941E, \u00C7\u20AC\u000B, \uC300], bool=true}], seed = -4025102308303647343]
22:09:00.692 [main] DEBUG junit-quickcheck.value-reporting - Verifying property nullFieldsInJson from gson.GSONTest with these values:
22:09:00.692 [main] DEBUG junit-quickcheck.value-reporting - [gson.GSONTest.nullFieldsInJson:arg0 = [TestObject{text=&apos;F&apos;, number=-1406692878, texts=[Y\u00C9v, \u90AE\u760F, \u7C1F, \u58BB\u5EB3\u323F, \u7138, o, WSI, \u7991\u80FA\uA9D0\u4C19], bool=false}], seed = -4025102308303647343]
22:09:00.693 [main] DEBUG junit-quickcheck.value-reporting - Verifying property nullFieldsInJson from gson.GSONTest with these values:
22:09:00.693 [main] DEBUG junit-quickcheck.value-reporting - [gson.GSONTest.nullFieldsInJson:arg0 = [TestObject{text=&apos;WY\u00BC\f\u000E\u00A8&amp;\u2039Q\u017D\u0007;\u00BAI\u00AC\u00EB&apos;, number=-424337872, texts=[\uA65E\u4E92\u3B5F, \u088D, \uB234\u4F00\u9D5C\u20CE\u0597\uABC5], bool=true}], seed = -4025102308303647343]
22:09:00.693 [main] DEBUG junit-quickcheck.value-reporting - Verifying property nullFieldsInJson from gson.GSONTest with these values:
22:09:00.693 [main] DEBUG junit-quickcheck.value-reporting - [gson.GSONTest.nullFieldsInJson:arg0 = [TestObject{text=&apos;\u38F5&apos;, number=-536955355, texts=[\u6682\u8970\uC389\u5C6A\uD3D4\u9E99\u89B1\u556F\u5871\u86A4\uA903\uBD47], bool=true}], seed = -4025102308303647343]
22:09:00.693 [main] DEBUG junit-quickcheck.value-reporting - Verifying property nullFieldsInJson from gson.GSONTest with these values:
22:09:00.693 [main] DEBUG junit-quickcheck.value-reporting - [gson.GSONTest.nullFieldsInJson:arg0 = [TestObject{text=&apos;\uC0D0\u252A\u5665\u8FC2\uD3D6\u637F\u077A\u88AE\u137A\uCA8B\u4628&apos;, number=-1315801984, texts=[\uD055\u5C51\u4687\u7302\u215B, \u6EF7\u666F\u88D4\uB6E4, \u8DA2\u4846\u202C\uD188\u99D7\uAC21, \u474B\uAFDD\u3489\uA946\uC970\u43F9\uAEA5\u2552\u5888\u54C6\u9812\u8AAB\u5810\u42BF\uA6BA\u1200\u35A6, \u00D6\u00BF]\u00E85\u0014, \u0152\u00C0\u0152=\u00FD\u00D1\b\u00AF`xD\u001B)Y!\u00A9D\u00EC \u00F9, \u00BC\u00DB\u00FB.i\u203AU, \u8B26\u83A9\u13F7\u9172\u459B\u2FAE], bool=true}], seed = -4025102308303647343]
22:09:00.694 [main] DEBUG junit-quickcheck.value-reporting - Verifying property nullFieldsInJson from gson.GSONTest with these values:
22:09:00.694 [main] DEBUG junit-quickcheck.value-reporting - [gson.GSONTest.nullFieldsInJson:arg0 = [TestObject{text=&apos;_\u0014\u001A\u00EF&gt;\u2019\u00A0&apos;, number=611841851, texts=[\u0019\u0019(!7, \u02DE\u1598\uBE1C\uB1FD\u489F\uD121\u5F99\uB548\u6C74], bool=false}], seed = -4025102308303647343]
22:09:00.694 [main] DEBUG junit-quickcheck.value-reporting - Verifying property nullFieldsInJson from gson.GSONTest with these values:
22:09:00.694 [main] DEBUG junit-quickcheck.value-reporting - [gson.GSONTest.nullFieldsInJson:arg0 = [TestObject{text=&apos;\u378C\u11FF\u4A30\u7267\u93CA\uCEB7&apos;, number=544733106, texts=[], bool=true}], seed = -4025102308303647343]
22:09:00.694 [main] DEBUG junit-quickcheck.value-reporting - Verifying property nullFieldsInJson from gson.GSONTest with these values:
22:09:00.694 [main] DEBUG junit-quickcheck.value-reporting - [gson.GSONTest.nullFieldsInJson:arg0 = [TestObject{text=&apos;\u017D\u00D6\u00EF{4Y{\u00D7&apos;, number=623563621, texts=[x\rqd2\u00D6\u201E\u0018., \u00B9:, \uC01B\u980D\u4152\uCC67\u0011, \u2002\uA1D8\uC804, d\u20ACY\u00D7\u0160, \u00E4\u00C9\u201E\u00D3~\u00E2, \u1894\u7AC0\uB6CE\u3CB0\uC1AE\uC3A3, \u1911\u0FD8\uC55E\u13E0\u4EB4\u1C77\u2CE6\u98E3\u9D0D\uB48C\u597C\u3E95\u3132\u93E3\u3BDA\u7600\u89E6\u94A0\u0FF5\u1D15\u2D26, O\u00FB], bool=true}], seed = -4025102308303647343]
</system-out>
  </testcase>
  <testcase classname="gson.GSONTest" name="testJsonToObjectNested" time="0.175"/>
  <testcase classname="gson.GSONTest" name="testJsonToPrimitiveString" time="0.011"/>
  <testcase classname="gson.GSONTest" name="testJsonToObjectToJson" time="0.035"/>
  <testcase classname="gson.GSONTest" name="testObjectToJson" time="0.03"/>
  <testcase classname="gson.GSONTest" name="testRandomJsonGenerator" time="0.76"/>
  <testcase classname="gson.GSONTest" name="randomObjects" time="3.022"/>
  <testcase classname="gson.GSONTest" name="testObjectToJsonToOtherObject" time="0.032"/>
  <testcase classname="gson.GSONTest" name="testPrimitiveStringToJSON" time="0.013"/>
  <testcase classname="gson.GSONTest" name="nullFields" time="0.031"/>
  <testcase classname="gson.GSONTest" name="testPrimitiveDoubleToJSON" time="0.008"/>
</testsuite>